# JRE version: Java(TM) SE Runtime Environment (8.0_221-b11) (build 1.8.0_221-b11)
# Java VM: Java HotSpot(TM) 64-Bit Server VM (25.221-b11 mixed mode linux-amd64 compressed oops)
Heap:
 PSYoungGen      total 161792K, used 7145K [0x00000000eab00000, 0x00000000f5100000, 0x0000000100000000)
  eden space 154624K, 0% used [0x00000000eab00000,0x00000000eab00000,0x00000000f4200000)
  from space 7168K, 99% used [0x00000000f4200000,0x00000000f48fa748,0x00000000f4900000)
  to   space 7168K, 0% used [0x00000000f4900000,0x00000000f4900000,0x00000000f5000000)
 ParOldGen       total 36864K, used 22947K [0x00000000c0000000, 0x00000000c2400000, 0x00000000eab00000)
  object space 36864K, 62% used [0x00000000c0000000,0x00000000c1668f10,0x00000000c2400000)
 Metaspace       used 40221K, capacity 40556K, committed 41008K, reserved 1085440K
  class space    used 5793K, capacity 5894K, committed 5936K, reserved 1048576K
GC Heap History (10 events):
Event: 94,471 GC heap after
Heap after GC invocations=10 (full 1):
 PSYoungGen      total 67072K, used 0K [0x00000000eab00000, 0x00000000f1700000, 0x0000000100000000)
  eden space 62464K, 0% used [0x00000000eab00000,0x00000000eab00000,0x00000000ee800000)
  from space 4608K, 0% used [0x00000000ee800000,0x00000000ee800000,0x00000000eec80000)
  to   space 5120K, 0% used [0x00000000f1200000,0x00000000f1200000,0x00000000f1700000)
 ParOldGen       total 24576K, used 5444K [0x00000000c0000000, 0x00000000c1800000, 0x00000000eab00000)
  object space 24576K, 22% used [0x00000000c0000000,0x00000000c0551380,0x00000000c1800000)
 Metaspace       used 20971K, capacity 21156K, committed 21296K, reserved 1067008K
  class space    used 3031K, capacity 3086K, committed 3120K, reserved 1048576K
}
Event: 99,678 GC heap before
{Heap before GC invocations=11 (full 1):
 PSYoungGen      total 67072K, used 62464K [0x00000000eab00000, 0x00000000f1700000, 0x0000000100000000)
  eden space 62464K, 100% used [0x00000000eab00000,0x00000000ee800000,0x00000000ee800000)
  from space 4608K, 0% used [0x00000000ee800000,0x00000000ee800000,0x00000000eec80000)
  to   space 5120K, 0% used [0x00000000f1200000,0x00000000f1200000,0x00000000f1700000)
 ParOldGen       total 24576K, used 5452K [0x00000000c0000000, 0x00000000c1800000, 0x00000000eab00000)
  object space 24576K, 22% used [0x00000000c0000000,0x00000000c0553390,0x00000000c1800000)
 Metaspace       used 26348K, capacity 26620K, committed 26800K, reserved 1073152K
  class space    used 3654K, capacity 3733K, committed 3760K, reserved 1048576K
Event: 99,744 GC heap after
Heap after GC invocations=11 (full 1):
 PSYoungGen      total 103424K, used 5095K [0x00000000eab00000, 0x00000000f1700000, 0x0000000100000000)
  eden space 98304K, 0% used [0x00000000eab00000,0x00000000eab00000,0x00000000f0b00000)
  from space 5120K, 99% used [0x00000000f1200000,0x00000000f16f9f38,0x00000000f1700000)
  to   space 5632K, 0% used [0x00000000f0c00000,0x00000000f0c00000,0x00000000f1180000)
 ParOldGen       total 24576K, used 6055K [0x00000000c0000000, 0x00000000c1800000, 0x00000000eab00000)
  object space 24576K, 24% used [0x00000000c0000000,0x00000000c05e9c60,0x00000000c1800000)
 Metaspace       used 26348K, capacity 26620K, committed 26800K, reserved 1073152K
  class space    used 3654K, capacity 3733K, committed 3760K, reserved 1048576K
}
Event: 103,961 GC heap before
{Heap before GC invocations=12 (full 1):
 PSYoungGen      total 103424K, used 103399K [0x00000000eab00000, 0x00000000f1700000, 0x0000000100000000)
  eden space 98304K, 100% used [0x00000000eab00000,0x00000000f0b00000,0x00000000f0b00000)
  from space 5120K, 99% used [0x00000000f1200000,0x00000000f16f9f38,0x00000000f1700000)
  to   space 5632K, 0% used [0x00000000f0c00000,0x00000000f0c00000,0x00000000f1180000)
 ParOldGen       total 24576K, used 6058K [0x00000000c0000000, 0x00000000c1800000, 0x00000000eab00000)
  object space 24576K, 24% used [0x00000000c0000000,0x00000000c05ea918,0x00000000c1800000)
 Metaspace       used 32050K, capacity 32368K, committed 32560K, reserved 1077248K
  class space    used 4513K, capacity 4640K, committed 4656K, reserved 1048576K
Event: 104,058 GC heap after
Heap after GC invocations=12 (full 1):
 PSYoungGen      total 104960K, used 5606K [0x00000000eab00000, 0x00000000f5000000, 0x0000000100000000)
  eden space 99328K, 0% used [0x00000000eab00000,0x00000000eab00000,0x00000000f0c00000)
  from space 5632K, 99% used [0x00000000f0c00000,0x00000000f11799b0,0x00000000f1180000)
  to   space 7168K, 0% used [0x00000000f4900000,0x00000000f4900000,0x00000000f5000000)
 ParOldGen       total 24576K, used 8983K [0x00000000c0000000, 0x00000000c1800000, 0x00000000eab00000)
  object space 24576K, 36% used [0x00000000c0000000,0x00000000c08c5ed0,0x00000000c1800000)
 Metaspace       used 32050K, capacity 32368K, committed 32560K, reserved 1077248K
  class space    used 4513K, capacity 4640K, committed 4656K, reserved 1048576K
}
Event: 106,094 GC heap before
{Heap before GC invocations=13 (full 1):
 PSYoungGen      total 104960K, used 38405K [0x00000000eab00000, 0x00000000f5000000, 0x0000000100000000)
  eden space 99328K, 33% used [0x00000000eab00000,0x00000000ecb07b20,0x00000000f0c00000)
  from space 5632K, 99% used [0x00000000f0c00000,0x00000000f11799b0,0x00000000f1180000)
  to   space 7168K, 0% used [0x00000000f4900000,0x00000000f4900000,0x00000000f5000000)
 ParOldGen       total 24576K, used 8983K [0x00000000c0000000, 0x00000000c1800000, 0x00000000eab00000)
  object space 24576K, 36% used [0x00000000c0000000,0x00000000c08c5ed0,0x00000000c1800000)
 Metaspace       used 34983K, capacity 35248K, committed 35496K, reserved 1079296K
  class space    used 4967K, capacity 5088K, committed 5168K, reserved 1048576K
Event: 106,126 GC heap after
Heap after GC invocations=13 (full 1):
 PSYoungGen      total 161792K, used 3124K [0x00000000eab00000, 0x00000000f5100000, 0x0000000100000000)
  eden space 154624K, 0% used [0x00000000eab00000,0x00000000eab00000,0x00000000f4200000)
  from space 7168K, 43% used [0x00000000f4900000,0x00000000f4c0d238,0x00000000f5000000)
  to   space 7168K, 0% used [0x00000000f4200000,0x00000000f4200000,0x00000000f4900000)
 ParOldGen       total 24576K, used 10939K [0x00000000c0000000, 0x00000000c1800000, 0x00000000eab00000)
  object space 24576K, 44% used [0x00000000c0000000,0x00000000c0aaef90,0x00000000c1800000)
 Metaspace       used 34983K, capacity 35248K, committed 35496K, reserved 1079296K
  class space    used 4967K, capacity 5088K, committed 5168K, reserved 1048576K
}
Event: 106,126 GC heap before
{Heap before GC invocations=14 (full 2):
 PSYoungGen      total 161792K, used 3124K [0x00000000eab00000, 0x00000000f5100000, 0x0000000100000000)
  eden space 154624K, 0% used [0x00000000eab00000,0x00000000eab00000,0x00000000f4200000)
  from space 7168K, 43% used [0x00000000f4900000,0x00000000f4c0d238,0x00000000f5000000)
  to   space 7168K, 0% used [0x00000000f4200000,0x00000000f4200000,0x00000000f4900000)
 ParOldGen       total 24576K, used 10939K [0x00000000c0000000, 0x00000000c1800000, 0x00000000eab00000)
  object space 24576K, 44% used [0x00000000c0000000,0x00000000c0aaef90,0x00000000c1800000)
 Metaspace       used 34983K, capacity 35248K, committed 35496K, reserved 1079296K
  class space    used 4967K, capacity 5088K, committed 5168K, reserved 1048576K
Event: 106,412 GC heap after
Heap after GC invocations=14 (full 2):
 PSYoungGen      total 161792K, used 0K [0x00000000eab00000, 0x00000000f5100000, 0x0000000100000000)
  eden space 154624K, 0% used [0x00000000eab00000,0x00000000eab00000,0x00000000f4200000)
  from space 7168K, 0% used [0x00000000f4900000,0x00000000f4900000,0x00000000f5000000)
  to   space 7168K, 0% used [0x00000000f4200000,0x00000000f4200000,0x00000000f4900000)
 ParOldGen       total 36864K, used 10406K [0x00000000c0000000, 0x00000000c2400000, 0x00000000eab00000)
  object space 36864K, 28% used [0x00000000c0000000,0x00000000c0a29920,0x00000000c2400000)
 Metaspace       used 34983K, capacity 35248K, committed 35496K, reserved 1079296K
  class space    used 4967K, capacity 5088K, committed 5168K, reserved 1048576K
}
Event: 118,918 GC heap before
{Heap before GC invocations=15 (full 2):
 PSYoungGen      total 161792K, used 154624K [0x00000000eab00000, 0x00000000f5100000, 0x0000000100000000)
  eden space 154624K, 100% used [0x00000000eab00000,0x00000000f4200000,0x00000000f4200000)
  from space 7168K, 0% used [0x00000000f4900000,0x00000000f4900000,0x00000000f5000000)
  to   space 7168K, 0% used [0x00000000f4200000,0x00000000f4200000,0x00000000f4900000)
 ParOldGen       total 36864K, used 10406K [0x00000000c0000000, 0x00000000c2400000, 0x00000000eab00000)
  object space 36864K, 28% used [0x00000000c0000000,0x00000000c0a29920,0x00000000c2400000)
 Metaspace       used 40221K, capacity 40556K, committed 41008K, reserved 1085440K
  class space    used 5793K, capacity 5894K, committed 5936K, reserved 1048576K

