# JRE version: Java(TM) SE Runtime Environment (8.0_221-b11) (build 1.8.0_221-b11)
# Java VM: Java HotSpot(TM) 64-Bit Server VM (25.221-b11 mixed mode linux-amd64 compressed oops)
Heap:
 PSYoungGen      total 111104K, used 6642K [0x00000000eab00000, 0x00000000f3300000, 0x0000000100000000)
  eden space 104448K, 0% used [0x00000000eab00000,0x00000000eab00000,0x00000000f1100000)
  from space 6656K, 99% used [0x00000000f2600000,0x00000000f2c7cae8,0x00000000f2c80000)
  to   space 6144K, 0% used [0x00000000f2d00000,0x00000000f2d00000,0x00000000f3300000)
 ParOldGen       total 34304K, used 9841K [0x00000000c0000000, 0x00000000c2180000, 0x00000000eab00000)
  object space 34304K, 28% used [0x00000000c0000000,0x00000000c099c728,0x00000000c2180000)
 Metaspace       used 30812K, capacity 31120K, committed 31360K, reserved 1077248K
  class space    used 4318K, capacity 4416K, committed 4480K, reserved 1048576K
GC Heap History (10 events):
Event: 12,171 GC heap after
Heap after GC invocations=5 (full 0):
 PSYoungGen      total 34304K, used 2532K [0x00000000eab00000, 0x00000000ef500000, 0x0000000100000000)
  eden space 31744K, 0% used [0x00000000eab00000,0x00000000eab00000,0x00000000eca00000)
  from space 2560K, 98% used [0x00000000eca00000,0x00000000ecc79018,0x00000000ecc80000)
  to   space 6144K, 0% used [0x00000000eef00000,0x00000000eef00000,0x00000000ef500000)
 ParOldGen       total 42496K, used 6424K [0x00000000c0000000, 0x00000000c2980000, 0x00000000eab00000)
  object space 42496K, 15% used [0x00000000c0000000,0x00000000c0646358,0x00000000c2980000)
 Metaspace       used 16544K, capacity 16752K, committed 16896K, reserved 1062912K
  class space    used 2384K, capacity 2470K, committed 2560K, reserved 1048576K
}
Event: 13,945 GC heap before
{Heap before GC invocations=6 (full 0):
 PSYoungGen      total 34304K, used 34276K [0x00000000eab00000, 0x00000000ef500000, 0x0000000100000000)
  eden space 31744K, 100% used [0x00000000eab00000,0x00000000eca00000,0x00000000eca00000)
  from space 2560K, 98% used [0x00000000eca00000,0x00000000ecc79018,0x00000000ecc80000)
  to   space 6144K, 0% used [0x00000000eef00000,0x00000000eef00000,0x00000000ef500000)
 ParOldGen       total 42496K, used 6424K [0x00000000c0000000, 0x00000000c2980000, 0x00000000eab00000)
  object space 42496K, 15% used [0x00000000c0000000,0x00000000c0646358,0x00000000c2980000)
 Metaspace       used 17745K, capacity 17988K, committed 18048K, reserved 1064960K
  class space    used 2573K, capacity 2670K, committed 2688K, reserved 1048576K
Event: 13,969 GC heap after
Heap after GC invocations=6 (full 0):
 PSYoungGen      total 68608K, used 3897K [0x00000000eab00000, 0x00000000ef400000, 0x0000000100000000)
  eden space 63488K, 0% used [0x00000000eab00000,0x00000000eab00000,0x00000000ee900000)
  from space 5120K, 76% used [0x00000000eef00000,0x00000000ef2ce520,0x00000000ef400000)
  to   space 5632K, 0% used [0x00000000ee900000,0x00000000ee900000,0x00000000eee80000)
 ParOldGen       total 42496K, used 6432K [0x00000000c0000000, 0x00000000c2980000, 0x00000000eab00000)
  object space 42496K, 15% used [0x00000000c0000000,0x00000000c0648358,0x00000000c2980000)
 Metaspace       used 17745K, capacity 17988K, committed 18048K, reserved 1064960K
  class space    used 2573K, capacity 2670K, committed 2688K, reserved 1048576K
}
Event: 16,459 GC heap before
{Heap before GC invocations=7 (full 0):
 PSYoungGen      total 68608K, used 61526K [0x00000000eab00000, 0x00000000ef400000, 0x0000000100000000)
  eden space 63488K, 90% used [0x00000000eab00000,0x00000000ee3475e0,0x00000000ee900000)
  from space 5120K, 76% used [0x00000000eef00000,0x00000000ef2ce520,0x00000000ef400000)
  to   space 5632K, 0% used [0x00000000ee900000,0x00000000ee900000,0x00000000eee80000)
 ParOldGen       total 42496K, used 6432K [0x00000000c0000000, 0x00000000c2980000, 0x00000000eab00000)
  object space 42496K, 15% used [0x00000000c0000000,0x00000000c0648358,0x00000000c2980000)
 Metaspace       used 20887K, capacity 21092K, committed 21296K, reserved 1067008K
  class space    used 3024K, capacity 3086K, committed 3200K, reserved 1048576K
Event: 16,507 GC heap after
Heap after GC invocations=7 (full 0):
 PSYoungGen      total 69120K, used 5148K [0x00000000eab00000, 0x00000000f3300000, 0x0000000100000000)
  eden space 63488K, 0% used [0x00000000eab00000,0x00000000eab00000,0x00000000ee900000)
  from space 5632K, 91% used [0x00000000ee900000,0x00000000eee07170,0x00000000eee80000)
  to   space 6144K, 0% used [0x00000000f2d00000,0x00000000f2d00000,0x00000000f3300000)
 ParOldGen       total 42496K, used 7340K [0x00000000c0000000, 0x00000000c2980000, 0x00000000eab00000)
  object space 42496K, 17% used [0x00000000c0000000,0x00000000c072b3a8,0x00000000c2980000)
 Metaspace       used 20887K, capacity 21092K, committed 21296K, reserved 1067008K
  class space    used 3024K, capacity 3086K, committed 3200K, reserved 1048576K
}
Event: 16,507 GC heap before
{Heap before GC invocations=8 (full 1):
 PSYoungGen      total 69120K, used 5148K [0x00000000eab00000, 0x00000000f3300000, 0x0000000100000000)
  eden space 63488K, 0% used [0x00000000eab00000,0x00000000eab00000,0x00000000ee900000)
  from space 5632K, 91% used [0x00000000ee900000,0x00000000eee07170,0x00000000eee80000)
  to   space 6144K, 0% used [0x00000000f2d00000,0x00000000f2d00000,0x00000000f3300000)
 ParOldGen       total 42496K, used 7340K [0x00000000c0000000, 0x00000000c2980000, 0x00000000eab00000)
  object space 42496K, 17% used [0x00000000c0000000,0x00000000c072b3a8,0x00000000c2980000)
 Metaspace       used 20887K, capacity 21092K, committed 21296K, reserved 1067008K
  class space    used 3024K, capacity 3086K, committed 3200K, reserved 1048576K
Event: 16,635 GC heap after
Heap after GC invocations=8 (full 1):
 PSYoungGen      total 69120K, used 0K [0x00000000eab00000, 0x00000000f3300000, 0x0000000100000000)
  eden space 63488K, 0% used [0x00000000eab00000,0x00000000eab00000,0x00000000ee900000)
  from space 5632K, 0% used [0x00000000ee900000,0x00000000ee900000,0x00000000eee80000)
  to   space 6144K, 0% used [0x00000000f2d00000,0x00000000f2d00000,0x00000000f3300000)
 ParOldGen       total 34304K, used 9646K [0x00000000c0000000, 0x00000000c2180000, 0x00000000eab00000)
  object space 34304K, 28% used [0x00000000c0000000,0x00000000c096bb98,0x00000000c2180000)
 Metaspace       used 20887K, capacity 21092K, committed 21296K, reserved 1067008K
  class space    used 3024K, capacity 3086K, committed 3200K, reserved 1048576K
}
Event: 20,294 GC heap before
{Heap before GC invocations=9 (full 1):
 PSYoungGen      total 69120K, used 63488K [0x00000000eab00000, 0x00000000f3300000, 0x0000000100000000)
  eden space 63488K, 100% used [0x00000000eab00000,0x00000000ee900000,0x00000000ee900000)
  from space 5632K, 0% used [0x00000000ee900000,0x00000000ee900000,0x00000000eee80000)
  to   space 6144K, 0% used [0x00000000f2d00000,0x00000000f2d00000,0x00000000f3300000)
 ParOldGen       total 34304K, used 9646K [0x00000000c0000000, 0x00000000c2180000, 0x00000000eab00000)
  object space 34304K, 28% used [0x00000000c0000000,0x00000000c096bb98,0x00000000c2180000)
 Metaspace       used 26310K, capacity 26556K, committed 26880K, reserved 1073152K
  class space    used 3657K, capacity 3733K, committed 3840K, reserved 1048576K
Event: 20,332 GC heap after
Heap after GC invocations=9 (full 1):
 PSYoungGen      total 110592K, used 5916K [0x00000000eab00000, 0x00000000f3300000, 0x0000000100000000)
  eden space 104448K, 0% used [0x00000000eab00000,0x00000000eab00000,0x00000000f1100000)
  from space 6144K, 96% used [0x00000000f2d00000,0x00000000f32c7050,0x00000000f3300000)
  to   space 6656K, 0% used [0x00000000f2600000,0x00000000f2600000,0x00000000f2c80000)
 ParOldGen       total 34304K, used 9646K [0x00000000c0000000, 0x00000000c2180000, 0x00000000eab00000)
  object space 34304K, 28% used [0x00000000c0000000,0x00000000c096bb98,0x00000000c2180000)
 Metaspace       used 26310K, capacity 26556K, committed 26880K, reserved 1073152K
  class space    used 3657K, capacity 3733K, committed 3840K, reserved 1048576K
}
Event: 33,167 GC heap before
{Heap before GC invocations=10 (full 1):
 PSYoungGen      total 110592K, used 110364K [0x00000000eab00000, 0x00000000f3300000, 0x0000000100000000)
  eden space 104448K, 100% used [0x00000000eab00000,0x00000000f1100000,0x00000000f1100000)
  from space 6144K, 96% used [0x00000000f2d00000,0x00000000f32c7050,0x00000000f3300000)
  to   space 6656K, 0% used [0x00000000f2600000,0x00000000f2600000,0x00000000f2c80000)
 ParOldGen       total 34304K, used 9646K [0x00000000c0000000, 0x00000000c2180000, 0x00000000eab00000)
  object space 34304K, 28% used [0x00000000c0000000,0x00000000c096bb98,0x00000000c2180000)
 Metaspace       used 30812K, capacity 31120K, committed 31360K, reserved 1077248K
  class space    used 4318K, capacity 4416K, committed 4480K, reserved 1048576K

