# JRE version: Java(TM) SE Runtime Environment (8.0_221-b11) (build 1.8.0_221-b11)
# Java VM: Java HotSpot(TM) 64-Bit Server VM (25.221-b11 mixed mode linux-amd64 compressed oops)
Heap:
 PSYoungGen      total 240128K, used 50671K [0x00000000eab00000, 0x00000000fe300000, 0x0000000100000000)
  eden space 189440K, 0% used [0x00000000eab00000,0x00000000eab00000,0x00000000f6400000)
  from space 50688K, 99% used [0x00000000f6400000,0x00000000f957bf70,0x00000000f9580000)
  to   space 32768K, 0% used [0x00000000f9580000,0x00000000f9580000,0x00000000fb580000)
 ParOldGen       total 181760K, used 121912K [0x00000000c0000000, 0x00000000cb180000, 0x00000000eab00000)
  object space 181760K, 67% used [0x00000000c0000000,0x00000000c770e3d8,0x00000000cb180000)
 Metaspace       used 40711K, capacity 41004K, committed 41472K, reserved 1085440K
  class space    used 5893K, capacity 6022K, committed 6144K, reserved 1048576K
GC Heap History (10 events):
Event: 40,080 GC heap after
Heap after GC invocations=16 (full 2):
 PSYoungGen      total 166400K, used 8697K [0x00000000eab00000, 0x00000000f8100000, 0x0000000100000000)
  eden space 157696K, 0% used [0x00000000eab00000,0x00000000eab00000,0x00000000f4500000)
  from space 8704K, 99% used [0x00000000f5900000,0x00000000f617e4a8,0x00000000f6180000)
  to   space 20480K, 0% used [0x00000000f4500000,0x00000000f4500000,0x00000000f5900000)
 ParOldGen       total 44032K, used 42569K [0x00000000c0000000, 0x00000000c2b00000, 0x00000000eab00000)
  object space 44032K, 96% used [0x00000000c0000000,0x00000000c2992488,0x00000000c2b00000)
 Metaspace       used 40698K, capacity 41004K, committed 41472K, reserved 1085440K
  class space    used 5892K, capacity 6022K, committed 6144K, reserved 1048576K
}
Event: 40,080 GC heap before
{Heap before GC invocations=17 (full 3):
 PSYoungGen      total 166400K, used 8697K [0x00000000eab00000, 0x00000000f8100000, 0x0000000100000000)
  eden space 157696K, 0% used [0x00000000eab00000,0x00000000eab00000,0x00000000f4500000)
  from space 8704K, 99% used [0x00000000f5900000,0x00000000f617e4a8,0x00000000f6180000)
  to   space 20480K, 0% used [0x00000000f4500000,0x00000000f4500000,0x00000000f5900000)
 ParOldGen       total 44032K, used 42569K [0x00000000c0000000, 0x00000000c2b00000, 0x00000000eab00000)
  object space 44032K, 96% used [0x00000000c0000000,0x00000000c2992488,0x00000000c2b00000)
 Metaspace       used 40698K, capacity 41004K, committed 41472K, reserved 1085440K
  class space    used 5892K, capacity 6022K, committed 6144K, reserved 1048576K
Event: 40,751 GC heap after
Heap after GC invocations=17 (full 3):
 PSYoungGen      total 166400K, used 0K [0x00000000eab00000, 0x00000000f8100000, 0x0000000100000000)
  eden space 157696K, 0% used [0x00000000eab00000,0x00000000eab00000,0x00000000f4500000)
  from space 8704K, 0% used [0x00000000f5900000,0x00000000f5900000,0x00000000f6180000)
  to   space 20480K, 0% used [0x00000000f4500000,0x00000000f4500000,0x00000000f5900000)
 ParOldGen       total 97280K, used 44000K [0x00000000c0000000, 0x00000000c5f00000, 0x00000000eab00000)
  object space 97280K, 45% used [0x00000000c0000000,0x00000000c2af8188,0x00000000c5f00000)
 Metaspace       used 40698K, capacity 41004K, committed 41472K, reserved 1085440K
  class space    used 5892K, capacity 6022K, committed 6144K, reserved 1048576K
}
Event: 45,770 GC heap before
{Heap before GC invocations=18 (full 3):
 PSYoungGen      total 166400K, used 157696K [0x00000000eab00000, 0x00000000f8100000, 0x0000000100000000)
  eden space 157696K, 100% used [0x00000000eab00000,0x00000000f4500000,0x00000000f4500000)
  from space 8704K, 0% used [0x00000000f5900000,0x00000000f5900000,0x00000000f6180000)
  to   space 20480K, 0% used [0x00000000f4500000,0x00000000f4500000,0x00000000f5900000)
 ParOldGen       total 97280K, used 44000K [0x00000000c0000000, 0x00000000c5f00000, 0x00000000eab00000)
  object space 97280K, 45% used [0x00000000c0000000,0x00000000c2af8188,0x00000000c5f00000)
 Metaspace       used 40711K, capacity 41004K, committed 41472K, reserved 1085440K
  class space    used 5893K, capacity 6022K, committed 6144K, reserved 1048576K
Event: 45,982 GC heap after
Heap after GC invocations=18 (full 3):
 PSYoungGen      total 178176K, used 20474K [0x00000000eab00000, 0x00000000fb580000, 0x0000000100000000)
  eden space 157696K, 0% used [0x00000000eab00000,0x00000000eab00000,0x00000000f4500000)
  from space 20480K, 99% used [0x00000000f4500000,0x00000000f58fea18,0x00000000f5900000)
  to   space 32768K, 0% used [0x00000000f9580000,0x00000000f9580000,0x00000000fb580000)
 ParOldGen       total 97280K, used 67575K [0x00000000c0000000, 0x00000000c5f00000, 0x00000000eab00000)
  object space 97280K, 69% used [0x00000000c0000000,0x00000000c41fddf8,0x00000000c5f00000)
 Metaspace       used 40711K, capacity 41004K, committed 41472K, reserved 1085440K
  class space    used 5893K, capacity 6022K, committed 6144K, reserved 1048576K
}
Event: 48,321 GC heap before
{Heap before GC invocations=19 (full 3):
 PSYoungGen      total 178176K, used 178170K [0x00000000eab00000, 0x00000000fb580000, 0x0000000100000000)
  eden space 157696K, 100% used [0x00000000eab00000,0x00000000f4500000,0x00000000f4500000)
  from space 20480K, 99% used [0x00000000f4500000,0x00000000f58fea18,0x00000000f5900000)
  to   space 32768K, 0% used [0x00000000f9580000,0x00000000f9580000,0x00000000fb580000)
 ParOldGen       total 97280K, used 67575K [0x00000000c0000000, 0x00000000c5f00000, 0x00000000eab00000)
  object space 97280K, 69% used [0x00000000c0000000,0x00000000c41fddf8,0x00000000c5f00000)
 Metaspace       used 40711K, capacity 41004K, committed 41472K, reserved 1085440K
  class space    used 5893K, capacity 6022K, committed 6144K, reserved 1048576K
Event: 48,522 GC heap after
Heap after GC invocations=19 (full 3):
 PSYoungGen      total 222208K, used 32738K [0x00000000eab00000, 0x00000000fe300000, 0x0000000100000000)
  eden space 189440K, 0% used [0x00000000eab00000,0x00000000eab00000,0x00000000f6400000)
  from space 32768K, 99% used [0x00000000f9580000,0x00000000fb578930,0x00000000fb580000)
  to   space 50688K, 0% used [0x00000000f6400000,0x00000000f6400000,0x00000000f9580000)
 ParOldGen       total 100864K, used 100524K [0x00000000c0000000, 0x00000000c6280000, 0x00000000eab00000)
  object space 100864K, 99% used [0x00000000c0000000,0x00000000c622b0f0,0x00000000c6280000)
 Metaspace       used 40711K, capacity 41004K, committed 41472K, reserved 1085440K
  class space    used 5893K, capacity 6022K, committed 6144K, reserved 1048576K
}
Event: 48,522 GC heap before
{Heap before GC invocations=20 (full 4):
 PSYoungGen      total 222208K, used 32738K [0x00000000eab00000, 0x00000000fe300000, 0x0000000100000000)
  eden space 189440K, 0% used [0x00000000eab00000,0x00000000eab00000,0x00000000f6400000)
  from space 32768K, 99% used [0x00000000f9580000,0x00000000fb578930,0x00000000fb580000)
  to   space 50688K, 0% used [0x00000000f6400000,0x00000000f6400000,0x00000000f9580000)
 ParOldGen       total 100864K, used 100524K [0x00000000c0000000, 0x00000000c6280000, 0x00000000eab00000)
  object space 100864K, 99% used [0x00000000c0000000,0x00000000c622b0f0,0x00000000c6280000)
 Metaspace       used 40711K, capacity 41004K, committed 41472K, reserved 1085440K
  class space    used 5893K, capacity 6022K, committed 6144K, reserved 1048576K
Event: 49,386 GC heap after
Heap after GC invocations=20 (full 4):
 PSYoungGen      total 222208K, used 20435K [0x00000000eab00000, 0x00000000fe300000, 0x0000000100000000)
  eden space 189440K, 0% used [0x00000000eab00000,0x00000000eab00000,0x00000000f6400000)
  from space 32768K, 62% used [0x00000000f9580000,0x00000000fa974d20,0x00000000fb580000)
  to   space 50688K, 0% used [0x00000000f6400000,0x00000000f6400000,0x00000000f9580000)
 ParOldGen       total 181760K, used 100384K [0x00000000c0000000, 0x00000000cb180000, 0x00000000eab00000)
  object space 181760K, 55% used [0x00000000c0000000,0x00000000c6208160,0x00000000cb180000)
 Metaspace       used 40711K, capacity 41004K, committed 41472K, reserved 1085440K
  class space    used 5893K, capacity 6022K, committed 6144K, reserved 1048576K
}
Event: 51,307 GC heap before
{Heap before GC invocations=21 (full 4):
 PSYoungGen      total 222208K, used 209875K [0x00000000eab00000, 0x00000000fe300000, 0x0000000100000000)
  eden space 189440K, 100% used [0x00000000eab00000,0x00000000f6400000,0x00000000f6400000)
  from space 32768K, 62% used [0x00000000f9580000,0x00000000fa974d20,0x00000000fb580000)
  to   space 50688K, 0% used [0x00000000f6400000,0x00000000f6400000,0x00000000f9580000)
 ParOldGen       total 181760K, used 100384K [0x00000000c0000000, 0x00000000cb180000, 0x00000000eab00000)
  object space 181760K, 55% used [0x00000000c0000000,0x00000000c6208160,0x00000000cb180000)
 Metaspace       used 40711K, capacity 41004K, committed 41472K, reserved 1085440K
  class space    used 5893K, capacity 6022K, committed 6144K, reserved 1048576K

